[    0.1108] I/Win32ProgressCallback: Found file in zip: 'duckstation-qt-x64-ReleaseLTCG.exe'
[    0.1136] I/Win32ProgressCallback: Found file in zip: 'qt.conf'
[    0.1152] I/Win32ProgressCallback: Found file in zip: 'Qt6Concurrent.dll'
[    0.1169] I/Win32ProgressCallback: Found file in zip: 'Qt6Core.dll'
[    0.1186] I/Win32ProgressCallback: Found file in zip: 'Qt6Gui.dll'
[    0.1201] I/Win32ProgressCallback: Found file in zip: 'Qt6Network.dll'
[    0.1219] I/Win32ProgressCallback: Found file in zip: 'Qt6Svg.dll'
[    0.1239] I/Win32ProgressCallback: Found file in zip: 'Qt6Widgets.dll'
[    0.1254] I/Win32ProgressCallback: Found file in zip: 'QtPlugins\iconengines\qsvgicon.dll'
[    0.1267] I/Win32ProgressCallback: Found file in zip: 'QtPlugins\imageformats\qgif.dll'
[    0.1282] I/Win32ProgressCallback: Found file in zip: 'QtPlugins\imageformats\qicns.dll'
[    0.1336] I/Win32ProgressCallback: Found file in zip: 'QtPlugins\imageformats\qico.dll'
[    0.1353] I/Win32ProgressCallback: Found file in zip: 'QtPlugins\imageformats\qjpeg.dll'
[    0.1372] I/Win32ProgressCallback: Found file in zip: 'QtPlugins\imageformats\qsvg.dll'
[    0.1388] I/Win32ProgressCallback: Found file in zip: 'QtPlugins\imageformats\qtga.dll'
[    0.1406] I/Win32ProgressCallback: Found file in zip: 'QtPlugins\imageformats\qtiff.dll'
[    0.1423] I/Win32ProgressCallback: Found file in zip: 'QtPlugins\imageformats\qwbmp.dll'
[    0.1438] I/Win32ProgressCallback: Found file in zip: 'QtPlugins\imageformats\qwebp.dll'
[    0.1458] I/Win32ProgressCallback: Found file in zip: 'QtPlugins\networkinformation\qnetworklistmanager.dll'
[    0.1477] I/Win32ProgressCallback: Found file in zip: 'QtPlugins\platforms\qminimal.dll'
[    0.1496] I/Win32ProgressCallback: Found file in zip: 'QtPlugins\platforms\qoffscreen.dll'
[    0.1512] I/Win32ProgressCallback: Found file in zip: 'QtPlugins\platforms\qwindows.dll'
[    0.1527] I/Win32ProgressCallback: Found file in zip: 'QtPlugins\styles\qwindowsvistastyle.dll'
[    0.1543] I/Win32ProgressCallback: Found file in zip: 'QtPlugins\tls\qcertonlybackend.dll'
[    0.1558] I/Win32ProgressCallback: Found file in zip: 'QtPlugins\tls\qschannelbackend.dll'
[    0.1574] I/Win32ProgressCallback: Found file in zip: 'resources\chtdb.txt'
[    0.1589] I/Win32ProgressCallback: Found file in zip: 'resources\fonts\fa-solid-900.ttf'
[    0.1606] I/Win32ProgressCallback: Found file in zip: 'resources\fonts\LICENSE.txt'
[    0.1629] I/Win32ProgressCallback: Found file in zip: 'resources\fonts\Roboto-Regular.ttf'
[    0.1692] I/Win32ProgressCallback: Found file in zip: 'resources\fonts\RobotoMono-Medium.ttf'
[    0.1708] I/Win32ProgressCallback: Found file in zip: 'resources\fullscreenui\address-book-new.png'
[    0.1723] I/Win32ProgressCallback: Found file in zip: 'resources\fullscreenui\applications-system.png'
[    0.1737] I/Win32ProgressCallback: Found file in zip: 'resources\fullscreenui\media-cdrom.png'
[    0.1752] I/Win32ProgressCallback: Found file in zip: 'resources\fullscreenui\multimedia-player.png'
[    0.1766] I/Win32ProgressCallback: Found file in zip: 'resources\fullscreenui\NTSC-J.png'
[    0.1788] I/Win32ProgressCallback: Found file in zip: 'resources\fullscreenui\NTSC-U.png'
[    0.1810] I/Win32ProgressCallback: Found file in zip: 'resources\fullscreenui\PAL.png'
[    0.1828] I/Win32ProgressCallback: Found file in zip: 'resources\fullscreenui\star-0.png'
[    0.1873] I/Win32ProgressCallback: Found file in zip: 'resources\fullscreenui\star-1.png'
[    0.1887] I/Win32ProgressCallback: Found file in zip: 'resources\fullscreenui\star-2.png'
[    0.1903] I/Win32ProgressCallback: Found file in zip: 'resources\fullscreenui\star-3.png'
[    0.1918] I/Win32ProgressCallback: Found file in zip: 'resources\fullscreenui\star-4.png'
[    0.1933] I/Win32ProgressCallback: Found file in zip: 'resources\fullscreenui\star-5.png'
[    0.1953] I/Win32ProgressCallback: Found file in zip: 'resources\gamecontrollerdb.txt'
[    0.1971] I/Win32ProgressCallback: Found file in zip: 'resources\gamedb.json'
[    0.2022] I/Win32ProgressCallback: Found file in zip: 'resources\images\cover-placeholder.png'
[    0.2038] I/Win32ProgressCallback: Found file in zip: 'resources\images\crosshair.png'
[    0.2052] I/Win32ProgressCallback: Found file in zip: 'resources\images\duck.png'
[    0.2066] I/Win32ProgressCallback: Found file in zip: 'resources\images\placeholder.png'
[    0.2080] I/Win32ProgressCallback: Found file in zip: 'resources\images\sources.txt'
[    0.2101] I/Win32ProgressCallback: Found file in zip: 'resources\shaders\Cccalibrator.glsl'
[    0.2125] I/Win32ProgressCallback: Found file in zip: 'resources\shaders\crt-lottes.glsl'
[    0.2143] I/Win32ProgressCallback: Found file in zip: 'resources\shaders\dolphinfx\bloom.glsl'
[    0.2158] I/Win32ProgressCallback: Found file in zip: 'resources\shaders\dolphinfx\celshading.glsl'
[    0.2209] I/Win32ProgressCallback: Found file in zip: 'resources\shaders\dolphinfx\scanlines.glsl'
[    0.2225] I/Win32ProgressCallback: Found file in zip: 'resources\shaders\reshade\README.md'
[    0.2240] I/Win32ProgressCallback: Found file in zip: 'resources\shaders\reshade\REFERENCE.md'
[    0.2255] I/Win32ProgressCallback: Found file in zip: 'resources\shaders\reshade\Shaders\Blending.fxh'
[    0.2270] I/Win32ProgressCallback: Found file in zip: 'resources\shaders\reshade\Shaders\Daltonize.fx'
[    0.2291] I/Win32ProgressCallback: Found file in zip: 'resources\shaders\reshade\Shaders\Deband.fx'
[    0.2308] I/Win32ProgressCallback: Found file in zip: 'resources\shaders\reshade\Shaders\DrawText.fxh'
[    0.2358] I/Win32ProgressCallback: Found file in zip: 'resources\shaders\reshade\Shaders\LUT.fx'
[    0.2373] I/Win32ProgressCallback: Found file in zip: 'resources\shaders\reshade\Shaders\Macros.fxh'
[    0.2387] I/Win32ProgressCallback: Found file in zip: 'resources\shaders\reshade\Shaders\ReShade.fxh'
[    0.2404] I/Win32ProgressCallback: Found file in zip: 'resources\shaders\reshade\Shaders\ReShadeUI.fxh'
[    0.2419] I/Win32ProgressCallback: Found file in zip: 'resources\shaders\reshade\Shaders\TriDither.fxh'
[    0.2433] I/Win32ProgressCallback: Found file in zip: 'resources\shaders\reshade\source.txt'
[    0.2450] I/Win32ProgressCallback: Found file in zip: 'resources\shaders\reshade\Textures\FontAtlas.png'
[    0.2467] I/Win32ProgressCallback: Found file in zip: 'resources\shaders\reshade\Textures\lut.png'
[    0.2483] I/Win32ProgressCallback: Found file in zip: 'resources\shaders\simple-brightness.glsl'
[    0.2546] I/Win32ProgressCallback: Found file in zip: 'resources\shaders\simple-flip.glsl'
[    0.2561] I/Win32ProgressCallback: Found file in zip: 'resources\shaders\simple-gamma.glsl'
[    0.2577] I/Win32ProgressCallback: Found file in zip: 'resources\shaders\simple-sharpen.glsl'
[    0.2592] I/Win32ProgressCallback: Found file in zip: 'resources\sounds\achievements\lbsubmit.wav'
[    0.2606] I/Win32ProgressCallback: Found file in zip: 'resources\sounds\achievements\message.wav'
[    0.2625] I/Win32ProgressCallback: Found file in zip: 'resources\sounds\achievements\README.txt'
[    0.2644] I/Win32ProgressCallback: Found file in zip: 'resources\sounds\achievements\unlock.wav'
[    0.2690] I/Win32ProgressCallback: Found file in zip: 'SDL2.dll'
[    0.2713] I/Win32ProgressCallback: Found file in zip: 'translations\duckstation-qt_de.qm'
[    0.2735] I/Win32ProgressCallback: Found file in zip: 'translations\duckstation-qt_en.qm'
[    0.2752] I/Win32ProgressCallback: Found file in zip: 'translations\duckstation-qt_es-es.qm'
[    0.2767] I/Win32ProgressCallback: Found file in zip: 'translations\duckstation-qt_es.qm'
[    0.2785] I/Win32ProgressCallback: Found file in zip: 'translations\duckstation-qt_fr.qm'
[    0.2803] I/Win32ProgressCallback: Found file in zip: 'translations\duckstation-qt_he.qm'
[    0.2817] I/Win32ProgressCallback: Found file in zip: 'translations\duckstation-qt_it.qm'
[    0.2831] I/Win32ProgressCallback: Found file in zip: 'translations\duckstation-qt_ja.qm'
[    0.2845] I/Win32ProgressCallback: Found file in zip: 'translations\duckstation-qt_ko.qm'
[    0.2859] I/Win32ProgressCallback: Found file in zip: 'translations\duckstation-qt_nl.qm'
[    0.2876] I/Win32ProgressCallback: Found file in zip: 'translations\duckstation-qt_pl.qm'
[    0.2890] I/Win32ProgressCallback: Found file in zip: 'translations\duckstation-qt_pt-br.qm'
[    0.2904] I/Win32ProgressCallback: Found file in zip: 'translations\duckstation-qt_pt-pt.qm'
[    0.2918] I/Win32ProgressCallback: Found file in zip: 'translations\duckstation-qt_ru.qm'
[    0.2932] I/Win32ProgressCallback: Found file in zip: 'translations\duckstation-qt_tr.qm'
[    0.2947] I/Win32ProgressCallback: Found file in zip: 'translations\duckstation-qt_zh-cn.qm'
[    0.3036] I/Win32ProgressCallback: Found file in zip: 'translations\qtbase_ar.qm'
[    0.3051] I/Win32ProgressCallback: Found file in zip: 'translations\qtbase_bg.qm'
[    0.3066] I/Win32ProgressCallback: Found file in zip: 'translations\qtbase_ca.qm'
[    0.3079] I/Win32ProgressCallback: Found file in zip: 'translations\qtbase_cs.qm'
[    0.3094] I/Win32ProgressCallback: Found file in zip: 'translations\qtbase_da.qm'
[    0.3114] I/Win32ProgressCallback: Found file in zip: 'translations\qtbase_de.qm'
[    0.3136] I/Win32ProgressCallback: Found file in zip: 'translations\qtbase_en.qm'
[    0.3151] I/Win32ProgressCallback: Found file in zip: 'translations\qtbase_es.qm'
[    0.3165] I/Win32ProgressCallback: Found file in zip: 'translations\qtbase_fa.qm'
[    0.3211] I/Win32ProgressCallback: Found file in zip: 'translations\qtbase_fi.qm'
[    0.3227] I/Win32ProgressCallback: Found file in zip: 'translations\qtbase_fr.qm'
[    0.3242] I/Win32ProgressCallback: Found file in zip: 'translations\qtbase_gd.qm'
[    0.3256] I/Win32ProgressCallback: Found file in zip: 'translations\qtbase_he.qm'
[    0.3271] I/Win32ProgressCallback: Found file in zip: 'translations\qtbase_hr.qm'
[    0.3288] I/Win32ProgressCallback: Found file in zip: 'translations\qtbase_hu.qm'
[    0.3304] I/Win32ProgressCallback: Found file in zip: 'translations\qtbase_it.qm'
[    0.3318] I/Win32ProgressCallback: Found file in zip: 'translations\qtbase_ja.qm'
[    0.3363] I/Win32ProgressCallback: Found file in zip: 'translations\qtbase_ko.qm'
[    0.3378] I/Win32ProgressCallback: Found file in zip: 'translations\qtbase_lv.qm'
[    0.3392] I/Win32ProgressCallback: Found file in zip: 'translations\qtbase_nl.qm'
[    0.3407] I/Win32ProgressCallback: Found file in zip: 'translations\qtbase_nn.qm'
[    0.3420] I/Win32ProgressCallback: Found file in zip: 'translations\qtbase_pl.qm'
[    0.3434] I/Win32ProgressCallback: Found file in zip: 'translations\qtbase_pt_BR.qm'
[    0.3450] I/Win32ProgressCallback: Found file in zip: 'translations\qtbase_ru.qm'
[    0.3470] I/Win32ProgressCallback: Found file in zip: 'translations\qtbase_sk.qm'
[    0.3486] I/Win32ProgressCallback: Found file in zip: 'translations\qtbase_tr.qm'
[    0.3538] I/Win32ProgressCallback: Found file in zip: 'translations\qtbase_uk.qm'
[    0.3552] I/Win32ProgressCallback: Found file in zip: 'translations\qtbase_zh_CN.qm'
[    0.3566] I/Win32ProgressCallback: Found file in zip: 'translations\qtbase_zh_TW.qm'
[    0.3580] I/Win32ProgressCallback: Found file in zip: 'WinPixEventRuntime.dll'
[    0.3594] D/Win32ProgressCallback: Directory: QtPlugins
[    0.3594] D/Win32ProgressCallback: Directory: QtPlugins\iconengines
[    0.3594] D/Win32ProgressCallback: Directory: QtPlugins\imageformats
[    0.3594] D/Win32ProgressCallback: Directory: QtPlugins\networkinformation
[    0.3594] D/Win32ProgressCallback: Directory: QtPlugins\platforms
[    0.3594] D/Win32ProgressCallback: Directory: QtPlugins\styles
[    0.3594] D/Win32ProgressCallback: Directory: QtPlugins\tls
[    0.3594] D/Win32ProgressCallback: Directory: resources
[    0.3594] D/Win32ProgressCallback: Directory: resources\fonts
[    0.3594] D/Win32ProgressCallback: Directory: resources\fullscreenui
[    0.3594] D/Win32ProgressCallback: Directory: resources\images
[    0.3594] D/Win32ProgressCallback: Directory: resources\shaders
[    0.3594] D/Win32ProgressCallback: Directory: resources\shaders\dolphinfx
[    0.3594] D/Win32ProgressCallback: Directory: resources\shaders\reshade
[    0.3594] D/Win32ProgressCallback: Directory: resources\shaders\reshade\Shaders
[    0.3594] D/Win32ProgressCallback: Directory: resources\shaders\reshade\Textures
[    0.3594] D/Win32ProgressCallback: Directory: resources\sounds
[    0.3594] D/Win32ProgressCallback: Directory: resources\sounds\achievements
[    0.3594] D/Win32ProgressCallback: Directory: translations
[    0.3598] I/Win32ProgressCallback: Creating subdirectory in staging: QtPlugins
[    0.3616] I/Win32ProgressCallback: Creating subdirectory in staging: QtPlugins\iconengines
[    0.3639] I/Win32ProgressCallback: Creating subdirectory in staging: QtPlugins\imageformats
[    0.3655] I/Win32ProgressCallback: Creating subdirectory in staging: QtPlugins\networkinformation
[    0.3703] I/Win32ProgressCallback: Creating subdirectory in staging: QtPlugins\platforms
[    0.3727] I/Win32ProgressCallback: Creating subdirectory in staging: QtPlugins\styles
[    0.3749] I/Win32ProgressCallback: Creating subdirectory in staging: QtPlugins\tls
[    0.3768] I/Win32ProgressCallback: Creating subdirectory in staging: resources
[    0.3787] I/Win32ProgressCallback: Creating subdirectory in staging: resources\fonts
[    0.3806] I/Win32ProgressCallback: Creating subdirectory in staging: resources\fullscreenui
[    0.3823] I/Win32ProgressCallback: Creating subdirectory in staging: resources\images
[    0.3839] I/Win32ProgressCallback: Creating subdirectory in staging: resources\shaders
[    0.3857] I/Win32ProgressCallback: Creating subdirectory in staging: resources\shaders\dolphinfx
[    0.3874] I/Win32ProgressCallback: Creating subdirectory in staging: resources\shaders\reshade
[    0.3891] I/Win32ProgressCallback: Creating subdirectory in staging: resources\shaders\reshade\Shaders
[    0.3908] I/Win32ProgressCallback: Creating subdirectory in staging: resources\shaders\reshade\Textures
[    0.3924] I/Win32ProgressCallback: Creating subdirectory in staging: resources\sounds
[    0.3941] I/Win32ProgressCallback: Creating subdirectory in staging: resources\sounds\achievements
[    0.3965] I/Win32ProgressCallback: Creating subdirectory in staging: translations
[    0.3997] I/Win32ProgressCallback: Extracting 'duckstation-qt-x64-ReleaseLTCG.exe'...
[    0.4762] I/Win32ProgressCallback: Extracting 'qt.conf'...
[    0.4811] I/Win32ProgressCallback: Extracting 'Qt6Concurrent.dll'...
[    0.4851] I/Win32ProgressCallback: Extracting 'Qt6Core.dll'...
[    0.5344] I/Win32ProgressCallback: Extracting 'Qt6Gui.dll'...
[    0.5971] I/Win32ProgressCallback: Extracting 'Qt6Network.dll'...
[    0.6110] I/Win32ProgressCallback: Extracting 'Qt6Svg.dll'...
[    0.6180] I/Win32ProgressCallback: Extracting 'Qt6Widgets.dll'...
[    0.6789] I/Win32ProgressCallback: Extracting 'QtPlugins\iconengines\qsvgicon.dll'...
[    0.6857] I/Win32ProgressCallback: Extracting 'QtPlugins\imageformats\qgif.dll'...
[    0.6913] I/Win32ProgressCallback: Extracting 'QtPlugins\imageformats\qicns.dll'...
[    0.6955] I/Win32ProgressCallback: Extracting 'QtPlugins\imageformats\qico.dll'...
[    0.7012] I/Win32ProgressCallback: Extracting 'QtPlugins\imageformats\qjpeg.dll'...
[    0.7090] I/Win32ProgressCallback: Extracting 'QtPlugins\imageformats\qsvg.dll'...
[    0.7152] I/Win32ProgressCallback: Extracting 'QtPlugins\imageformats\qtga.dll'...
[    0.7199] I/Win32ProgressCallback: Extracting 'QtPlugins\imageformats\qtiff.dll'...
[    0.7289] I/Win32ProgressCallback: Extracting 'QtPlugins\imageformats\qwbmp.dll'...
[    0.7360] I/Win32ProgressCallback: Extracting 'QtPlugins\imageformats\qwebp.dll'...
[    0.7463] I/Win32ProgressCallback: Extracting 'QtPlugins\networkinformation\qnetworklistmanager.dll'...
[    0.7526] I/Win32ProgressCallback: Extracting 'QtPlugins\platforms\qminimal.dll'...
[    0.7580] I/Win32ProgressCallback: Extracting 'QtPlugins\platforms\qoffscreen.dll'...
[    0.7651] I/Win32ProgressCallback: Extracting 'QtPlugins\platforms\qwindows.dll'...
[    0.7825] I/Win32ProgressCallback: Extracting 'QtPlugins\styles\qwindowsvistastyle.dll'...
[    0.7904] I/Win32ProgressCallback: Extracting 'QtPlugins\tls\qcertonlybackend.dll'...
[    0.7987] I/Win32ProgressCallback: Extracting 'QtPlugins\tls\qschannelbackend.dll'...
[    0.8068] I/Win32ProgressCallback: Extracting 'resources\chtdb.txt'...
[    0.8450] I/Win32ProgressCallback: Extracting 'resources\fonts\fa-solid-900.ttf'...
[    0.8539] I/Win32ProgressCallback: Extracting 'resources\fonts\LICENSE.txt'...
[    0.8608] I/Win32ProgressCallback: Extracting 'resources\fonts\Roboto-Regular.ttf'...
[    0.8704] I/Win32ProgressCallback: Extracting 'resources\fonts\RobotoMono-Medium.ttf'...
[    0.8805] I/Win32ProgressCallback: Extracting 'resources\fullscreenui\address-book-new.png'...
[    0.8878] I/Win32ProgressCallback: Extracting 'resources\fullscreenui\applications-system.png'...
[    0.8950] I/Win32ProgressCallback: Extracting 'resources\fullscreenui\media-cdrom.png'...
[    0.9024] I/Win32ProgressCallback: Extracting 'resources\fullscreenui\multimedia-player.png'...
[    0.9083] I/Win32ProgressCallback: Extracting 'resources\fullscreenui\NTSC-J.png'...
[    0.9150] I/Win32ProgressCallback: Extracting 'resources\fullscreenui\NTSC-U.png'...
[    0.9219] I/Win32ProgressCallback: Extracting 'resources\fullscreenui\PAL.png'...
[    0.9276] I/Win32ProgressCallback: Extracting 'resources\fullscreenui\star-0.png'...
[    0.9341] I/Win32ProgressCallback: Extracting 'resources\fullscreenui\star-1.png'...
[    0.9386] I/Win32ProgressCallback: Extracting 'resources\fullscreenui\star-2.png'...
[    0.9432] I/Win32ProgressCallback: Extracting 'resources\fullscreenui\star-3.png'...
[    0.9481] I/Win32ProgressCallback: Extracting 'resources\fullscreenui\star-4.png'...
[    0.9516] I/Win32ProgressCallback: Extracting 'resources\fullscreenui\star-5.png'...
[    0.9560] I/Win32ProgressCallback: Extracting 'resources\gamecontrollerdb.txt'...
[    0.9652] I/Win32ProgressCallback: Extracting 'resources\gamedb.json'...
[    1.0327] I/Win32ProgressCallback: Extracting 'resources\images\cover-placeholder.png'...
[    1.0404] I/Win32ProgressCallback: Extracting 'resources\images\crosshair.png'...
[    1.0435] I/Win32ProgressCallback: Extracting 'resources\images\duck.png'...
[    1.0483] I/Win32ProgressCallback: Extracting 'resources\images\placeholder.png'...
[    1.0526] I/Win32ProgressCallback: Extracting 'resources\images\sources.txt'...
[    1.0566] I/Win32ProgressCallback: Extracting 'resources\shaders\Cccalibrator.glsl'...
[    1.0606] I/Win32ProgressCallback: Extracting 'resources\shaders\crt-lottes.glsl'...
[    1.0643] I/Win32ProgressCallback: Extracting 'resources\shaders\dolphinfx\bloom.glsl'...
[    1.0720] I/Win32ProgressCallback: Extracting 'resources\shaders\dolphinfx\celshading.glsl'...
[    1.0758] I/Win32ProgressCallback: Extracting 'resources\shaders\dolphinfx\scanlines.glsl'...
[    1.0808] I/Win32ProgressCallback: Extracting 'resources\shaders\reshade\README.md'...
[    1.0853] I/Win32ProgressCallback: Extracting 'resources\shaders\reshade\REFERENCE.md'...
[    1.0887] I/Win32ProgressCallback: Extracting 'resources\shaders\reshade\Shaders\Blending.fxh'...
[    1.0927] I/Win32ProgressCallback: Extracting 'resources\shaders\reshade\Shaders\Daltonize.fx'...
[    1.0972] I/Win32ProgressCallback: Extracting 'resources\shaders\reshade\Shaders\Deband.fx'...
[    1.1012] I/Win32ProgressCallback: Extracting 'resources\shaders\reshade\Shaders\DrawText.fxh'...
[    1.1051] I/Win32ProgressCallback: Extracting 'resources\shaders\reshade\Shaders\LUT.fx'...
[    1.1089] I/Win32ProgressCallback: Extracting 'resources\shaders\reshade\Shaders\Macros.fxh'...
[    1.1137] I/Win32ProgressCallback: Extracting 'resources\shaders\reshade\Shaders\ReShade.fxh'...
[    1.1186] I/Win32ProgressCallback: Extracting 'resources\shaders\reshade\Shaders\ReShadeUI.fxh'...
[    1.1227] I/Win32ProgressCallback: Extracting 'resources\shaders\reshade\Shaders\TriDither.fxh'...
[    1.1266] I/Win32ProgressCallback: Extracting 'resources\shaders\reshade\source.txt'...
[    1.1318] I/Win32ProgressCallback: Extracting 'resources\shaders\reshade\Textures\FontAtlas.png'...
[    1.1353] I/Win32ProgressCallback: Extracting 'resources\shaders\reshade\Textures\lut.png'...
[    1.1392] I/Win32ProgressCallback: Extracting 'resources\shaders\simple-brightness.glsl'...
[    1.1431] I/Win32ProgressCallback: Extracting 'resources\shaders\simple-flip.glsl'...
[    1.1474] I/Win32ProgressCallback: Extracting 'resources\shaders\simple-gamma.glsl'...
[    1.1575] I/Win32ProgressCallback: Extracting 'resources\shaders\simple-sharpen.glsl'...
[    1.1614] I/Win32ProgressCallback: Extracting 'resources\sounds\achievements\lbsubmit.wav'...
[    1.1666] I/Win32ProgressCallback: Extracting 'resources\sounds\achievements\message.wav'...
[    1.1708] I/Win32ProgressCallback: Extracting 'resources\sounds\achievements\README.txt'...
[    1.1747] I/Win32ProgressCallback: Extracting 'resources\sounds\achievements\unlock.wav'...
[    1.1800] I/Win32ProgressCallback: Extracting 'SDL2.dll'...
[    1.1994] I/Win32ProgressCallback: Extracting 'translations\duckstation-qt_de.qm'...
[    1.2046] I/Win32ProgressCallback: Extracting 'translations\duckstation-qt_en.qm'...
[    1.2086] I/Win32ProgressCallback: Extracting 'translations\duckstation-qt_es-es.qm'...
[    1.2165] I/Win32ProgressCallback: Extracting 'translations\duckstation-qt_es.qm'...
[    1.2226] I/Win32ProgressCallback: Extracting 'translations\duckstation-qt_fr.qm'...
[    1.2276] I/Win32ProgressCallback: Extracting 'translations\duckstation-qt_he.qm'...
[    1.2336] I/Win32ProgressCallback: Extracting 'translations\duckstation-qt_it.qm'...
[    1.2435] I/Win32ProgressCallback: Extracting 'translations\duckstation-qt_ja.qm'...
[    1.2502] I/Win32ProgressCallback: Extracting 'translations\duckstation-qt_ko.qm'...
[    1.2562] I/Win32ProgressCallback: Extracting 'translations\duckstation-qt_nl.qm'...
[    1.2606] I/Win32ProgressCallback: Extracting 'translations\duckstation-qt_pl.qm'...
[    1.2683] I/Win32ProgressCallback: Extracting 'translations\duckstation-qt_pt-br.qm'...
[    1.2765] I/Win32ProgressCallback: Extracting 'translations\duckstation-qt_pt-pt.qm'...
[    1.2840] I/Win32ProgressCallback: Extracting 'translations\duckstation-qt_ru.qm'...
[    1.2924] I/Win32ProgressCallback: Extracting 'translations\duckstation-qt_tr.qm'...
[    1.3012] I/Win32ProgressCallback: Extracting 'translations\duckstation-qt_zh-cn.qm'...
[    1.3069] I/Win32ProgressCallback: Extracting 'translations\qtbase_ar.qm'...
[    1.3146] I/Win32ProgressCallback: Extracting 'translations\qtbase_bg.qm'...
[    1.3241] I/Win32ProgressCallback: Extracting 'translations\qtbase_ca.qm'...
[    1.3338] I/Win32ProgressCallback: Extracting 'translations\qtbase_cs.qm'...
[    1.3408] I/Win32ProgressCallback: Extracting 'translations\qtbase_da.qm'...
[    1.3466] I/Win32ProgressCallback: Extracting 'translations\qtbase_de.qm'...
[    1.3545] I/Win32ProgressCallback: Extracting 'translations\qtbase_en.qm'...
[    1.3602] I/Win32ProgressCallback: Extracting 'translations\qtbase_es.qm'...
[    1.3665] I/Win32ProgressCallback: Extracting 'translations\qtbase_fa.qm'...
[    1.3727] I/Win32ProgressCallback: Extracting 'translations\qtbase_fi.qm'...
[    1.3779] I/Win32ProgressCallback: Extracting 'translations\qtbase_fr.qm'...
[    1.3842] I/Win32ProgressCallback: Extracting 'translations\qtbase_gd.qm'...
[    1.3906] I/Win32ProgressCallback: Extracting 'translations\qtbase_he.qm'...
[    1.3965] I/Win32ProgressCallback: Extracting 'translations\qtbase_hr.qm'...
[    1.4066] I/Win32ProgressCallback: Extracting 'translations\qtbase_hu.qm'...
[    1.4118] I/Win32ProgressCallback: Extracting 'translations\qtbase_it.qm'...
[    1.4181] I/Win32ProgressCallback: Extracting 'translations\qtbase_ja.qm'...
[    1.4240] I/Win32ProgressCallback: Extracting 'translations\qtbase_ko.qm'...
[    1.4305] I/Win32ProgressCallback: Extracting 'translations\qtbase_lv.qm'...
[    1.4365] I/Win32ProgressCallback: Extracting 'translations\qtbase_nl.qm'...
[    1.4419] I/Win32ProgressCallback: Extracting 'translations\qtbase_nn.qm'...
[    1.4485] I/Win32ProgressCallback: Extracting 'translations\qtbase_pl.qm'...
[    1.4545] I/Win32ProgressCallback: Extracting 'translations\qtbase_pt_BR.qm'...
[    1.4616] I/Win32ProgressCallback: Extracting 'translations\qtbase_ru.qm'...
[    1.4682] I/Win32ProgressCallback: Extracting 'translations\qtbase_sk.qm'...
[    1.4728] I/Win32ProgressCallback: Extracting 'translations\qtbase_tr.qm'...
[    1.4787] I/Win32ProgressCallback: Extracting 'translations\qtbase_uk.qm'...
[    1.4851] I/Win32ProgressCallback: Extracting 'translations\qtbase_zh_CN.qm'...
[    1.4908] I/Win32ProgressCallback: Extracting 'translations\qtbase_zh_TW.qm'...
[    1.4968] I/Win32ProgressCallback: Extracting 'WinPixEventRuntime.dll'...
[    1.5024] I/Win32ProgressCallback: Moving 'C:/Users/midor/Desktop/postifolio/pagina de postifolio/images/DuckStation-0.1-5601-win64\UPDATE_STAGING\duckstation-qt-x64-ReleaseLTCG.exe' to 'C:/Users/midor/Desktop/postifolio/pagina de postifolio/images/DuckStation-0.1-5601-win64\duckstation-qt-x64-ReleaseLTCG.exe'
[    1.5057] I/Win32ProgressCallback: Moving 'C:/Users/midor/Desktop/postifolio/pagina de postifolio/images/DuckStation-0.1-5601-win64\UPDATE_STAGING\qt.conf' to 'C:/Users/midor/Desktop/postifolio/pagina de postifolio/images/DuckStation-0.1-5601-win64\qt.conf'
[    1.5080] I/Win32ProgressCallback: Moving 'C:/Users/midor/Desktop/postifolio/pagina de postifolio/images/DuckStation-0.1-5601-win64\UPDATE_STAGING\Qt6Concurrent.dll' to 'C:/Users/midor/Desktop/postifolio/pagina de postifolio/images/DuckStation-0.1-5601-win64\Qt6Concurrent.dll'
[    1.5104] I/Win32ProgressCallback: Moving 'C:/Users/midor/Desktop/postifolio/pagina de postifolio/images/DuckStation-0.1-5601-win64\UPDATE_STAGING\Qt6Core.dll' to 'C:/Users/midor/Desktop/postifolio/pagina de postifolio/images/DuckStation-0.1-5601-win64\Qt6Core.dll'
[    1.5139] I/Win32ProgressCallback: Moving 'C:/Users/midor/Desktop/postifolio/pagina de postifolio/images/DuckStation-0.1-5601-win64\UPDATE_STAGING\Qt6Gui.dll' to 'C:/Users/midor/Desktop/postifolio/pagina de postifolio/images/DuckStation-0.1-5601-win64\Qt6Gui.dll'
[    1.5173] I/Win32ProgressCallback: Moving 'C:/Users/midor/Desktop/postifolio/pagina de postifolio/images/DuckStation-0.1-5601-win64\UPDATE_STAGING\Qt6Network.dll' to 'C:/Users/midor/Desktop/postifolio/pagina de postifolio/images/DuckStation-0.1-5601-win64\Qt6Network.dll'
[    1.5202] I/Win32ProgressCallback: Moving 'C:/Users/midor/Desktop/postifolio/pagina de postifolio/images/DuckStation-0.1-5601-win64\UPDATE_STAGING\Qt6Svg.dll' to 'C:/Users/midor/Desktop/postifolio/pagina de postifolio/images/DuckStation-0.1-5601-win64\Qt6Svg.dll'
[    1.5226] I/Win32ProgressCallback: Moving 'C:/Users/midor/Desktop/postifolio/pagina de postifolio/images/DuckStation-0.1-5601-win64\UPDATE_STAGING\Qt6Widgets.dll' to 'C:/Users/midor/Desktop/postifolio/pagina de postifolio/images/DuckStation-0.1-5601-win64\Qt6Widgets.dll'
[    1.5261] I/Win32ProgressCallback: Moving 'C:/Users/midor/Desktop/postifolio/pagina de postifolio/images/DuckStation-0.1-5601-win64\UPDATE_STAGING\QtPlugins\iconengines\qsvgicon.dll' to 'C:/Users/midor/Desktop/postifolio/pagina de postifolio/images/DuckStation-0.1-5601-win64\QtPlugins\iconengines\qsvgicon.dll'
[    1.5288] I/Win32ProgressCallback: Moving 'C:/Users/midor/Desktop/postifolio/pagina de postifolio/images/DuckStation-0.1-5601-win64\UPDATE_STAGING\QtPlugins\imageformats\qgif.dll' to 'C:/Users/midor/Desktop/postifolio/pagina de postifolio/images/DuckStation-0.1-5601-win64\QtPlugins\imageformats\qgif.dll'
[    1.5317] I/Win32ProgressCallback: Moving 'C:/Users/midor/Desktop/postifolio/pagina de postifolio/images/DuckStation-0.1-5601-win64\UPDATE_STAGING\QtPlugins\imageformats\qicns.dll' to 'C:/Users/midor/Desktop/postifolio/pagina de postifolio/images/DuckStation-0.1-5601-win64\QtPlugins\imageformats\qicns.dll'
[    1.5343] I/Win32ProgressCallback: Moving 'C:/Users/midor/Desktop/postifolio/pagina de postifolio/images/DuckStation-0.1-5601-win64\UPDATE_STAGING\QtPlugins\imageformats\qico.dll' to 'C:/Users/midor/Desktop/postifolio/pagina de postifolio/images/DuckStation-0.1-5601-win64\QtPlugins\imageformats\qico.dll'
[    1.5369] I/Win32ProgressCallback: Moving 'C:/Users/midor/Desktop/postifolio/pagina de postifolio/images/DuckStation-0.1-5601-win64\UPDATE_STAGING\QtPlugins\imageformats\qjpeg.dll' to 'C:/Users/midor/Desktop/postifolio/pagina de postifolio/images/DuckStation-0.1-5601-win64\QtPlugins\imageformats\qjpeg.dll'
[    1.5397] I/Win32ProgressCallback: Moving 'C:/Users/midor/Desktop/postifolio/pagina de postifolio/images/DuckStation-0.1-5601-win64\UPDATE_STAGING\QtPlugins\imageformats\qsvg.dll' to 'C:/Users/midor/Desktop/postifolio/pagina de postifolio/images/DuckStation-0.1-5601-win64\QtPlugins\imageformats\qsvg.dll'
[    1.5428] I/Win32ProgressCallback: Moving 'C:/Users/midor/Desktop/postifolio/pagina de postifolio/images/DuckStation-0.1-5601-win64\UPDATE_STAGING\QtPlugins\imageformats\qtga.dll' to 'C:/Users/midor/Desktop/postifolio/pagina de postifolio/images/DuckStation-0.1-5601-win64\QtPlugins\imageformats\qtga.dll'
[    1.5457] I/Win32ProgressCallback: Moving 'C:/Users/midor/Desktop/postifolio/pagina de postifolio/images/DuckStation-0.1-5601-win64\UPDATE_STAGING\QtPlugins\imageformats\qtiff.dll' to 'C:/Users/midor/Desktop/postifolio/pagina de postifolio/images/DuckStation-0.1-5601-win64\QtPlugins\imageformats\qtiff.dll'
[    1.5486] I/Win32ProgressCallback: Moving 'C:/Users/midor/Desktop/postifolio/pagina de postifolio/images/DuckStation-0.1-5601-win64\UPDATE_STAGING\QtPlugins\imageformats\qwbmp.dll' to 'C:/Users/midor/Desktop/postifolio/pagina de postifolio/images/DuckStation-0.1-5601-win64\QtPlugins\imageformats\qwbmp.dll'
[    1.5510] I/Win32ProgressCallback: Moving 'C:/Users/midor/Desktop/postifolio/pagina de postifolio/images/DuckStation-0.1-5601-win64\UPDATE_STAGING\QtPlugins\imageformats\qwebp.dll' to 'C:/Users/midor/Desktop/postifolio/pagina de postifolio/images/DuckStation-0.1-5601-win64\QtPlugins\imageformats\qwebp.dll'
[    1.5537] I/Win32ProgressCallback: Moving 'C:/Users/midor/Desktop/postifolio/pagina de postifolio/images/DuckStation-0.1-5601-win64\UPDATE_STAGING\QtPlugins\networkinformation\qnetworklistmanager.dll' to 'C:/Users/midor/Desktop/postifolio/pagina de postifolio/images/DuckStation-0.1-5601-win64\QtPlugins\networkinformation\qnetworklistmanager.dll'
[    1.5563] I/Win32ProgressCallback: Moving 'C:/Users/midor/Desktop/postifolio/pagina de postifolio/images/DuckStation-0.1-5601-win64\UPDATE_STAGING\QtPlugins\platforms\qminimal.dll' to 'C:/Users/midor/Desktop/postifolio/pagina de postifolio/images/DuckStation-0.1-5601-win64\QtPlugins\platforms\qminimal.dll'
[    1.5588] I/Win32ProgressCallback: Moving 'C:/Users/midor/Desktop/postifolio/pagina de postifolio/images/DuckStation-0.1-5601-win64\UPDATE_STAGING\QtPlugins\platforms\qoffscreen.dll' to 'C:/Users/midor/Desktop/postifolio/pagina de postifolio/images/DuckStation-0.1-5601-win64\QtPlugins\platforms\qoffscreen.dll'
[    1.5614] I/Win32ProgressCallback: Moving 'C:/Users/midor/Desktop/postifolio/pagina de postifolio/images/DuckStation-0.1-5601-win64\UPDATE_STAGING\QtPlugins\platforms\qwindows.dll' to 'C:/Users/midor/Desktop/postifolio/pagina de postifolio/images/DuckStation-0.1-5601-win64\QtPlugins\platforms\qwindows.dll'
[    1.5649] I/Win32ProgressCallback: Moving 'C:/Users/midor/Desktop/postifolio/pagina de postifolio/images/DuckStation-0.1-5601-win64\UPDATE_STAGING\QtPlugins\styles\qwindowsvistastyle.dll' to 'C:/Users/midor/Desktop/postifolio/pagina de postifolio/images/DuckStation-0.1-5601-win64\QtPlugins\styles\qwindowsvistastyle.dll'
[    1.5676] I/Win32ProgressCallback: Moving 'C:/Users/midor/Desktop/postifolio/pagina de postifolio/images/DuckStation-0.1-5601-win64\UPDATE_STAGING\QtPlugins\tls\qcertonlybackend.dll' to 'C:/Users/midor/Desktop/postifolio/pagina de postifolio/images/DuckStation-0.1-5601-win64\QtPlugins\tls\qcertonlybackend.dll'
[    1.5700] I/Win32ProgressCallback: Moving 'C:/Users/midor/Desktop/postifolio/pagina de postifolio/images/DuckStation-0.1-5601-win64\UPDATE_STAGING\QtPlugins\tls\qschannelbackend.dll' to 'C:/Users/midor/Desktop/postifolio/pagina de postifolio/images/DuckStation-0.1-5601-win64\QtPlugins\tls\qschannelbackend.dll'
[    1.5723] I/Win32ProgressCallback: Moving 'C:/Users/midor/Desktop/postifolio/pagina de postifolio/images/DuckStation-0.1-5601-win64\UPDATE_STAGING\resources\chtdb.txt' to 'C:/Users/midor/Desktop/postifolio/pagina de postifolio/images/DuckStation-0.1-5601-win64\resources\chtdb.txt'
[    1.5751] I/Win32ProgressCallback: Moving 'C:/Users/midor/Desktop/postifolio/pagina de postifolio/images/DuckStation-0.1-5601-win64\UPDATE_STAGING\resources\fonts\fa-solid-900.ttf' to 'C:/Users/midor/Desktop/postifolio/pagina de postifolio/images/DuckStation-0.1-5601-win64\resources\fonts\fa-solid-900.ttf'
[    1.5776] I/Win32ProgressCallback: Moving 'C:/Users/midor/Desktop/postifolio/pagina de postifolio/images/DuckStation-0.1-5601-win64\UPDATE_STAGING\resources\fonts\LICENSE.txt' to 'C:/Users/midor/Desktop/postifolio/pagina de postifolio/images/DuckStation-0.1-5601-win64\resources\fonts\LICENSE.txt'
[    1.5805] I/Win32ProgressCallback: Moving 'C:/Users/midor/Desktop/postifolio/pagina de postifolio/images/DuckStation-0.1-5601-win64\UPDATE_STAGING\resources\fonts\Roboto-Regular.ttf' to 'C:/Users/midor/Desktop/postifolio/pagina de postifolio/images/DuckStation-0.1-5601-win64\resources\fonts\Roboto-Regular.ttf'
[    1.5831] I/Win32ProgressCallback: Moving 'C:/Users/midor/Desktop/postifolio/pagina de postifolio/images/DuckStation-0.1-5601-win64\UPDATE_STAGING\resources\fonts\RobotoMono-Medium.ttf' to 'C:/Users/midor/Desktop/postifolio/pagina de postifolio/images/DuckStation-0.1-5601-win64\resources\fonts\RobotoMono-Medium.ttf'
[    1.5856] I/Win32ProgressCallback: Moving 'C:/Users/midor/Desktop/postifolio/pagina de postifolio/images/DuckStation-0.1-5601-win64\UPDATE_STAGING\resources\fullscreenui\address-book-new.png' to 'C:/Users/midor/Desktop/postifolio/pagina de postifolio/images/DuckStation-0.1-5601-win64\resources\fullscreenui\address-book-new.png'
[    1.5885] I/Win32ProgressCallback: Moving 'C:/Users/midor/Desktop/postifolio/pagina de postifolio/images/DuckStation-0.1-5601-win64\UPDATE_STAGING\resources\fullscreenui\applications-system.png' to 'C:/Users/midor/Desktop/postifolio/pagina de postifolio/images/DuckStation-0.1-5601-win64\resources\fullscreenui\applications-system.png'
[    1.5911] I/Win32ProgressCallback: Moving 'C:/Users/midor/Desktop/postifolio/pagina de postifolio/images/DuckStation-0.1-5601-win64\UPDATE_STAGING\resources\fullscreenui\media-cdrom.png' to 'C:/Users/midor/Desktop/postifolio/pagina de postifolio/images/DuckStation-0.1-5601-win64\resources\fullscreenui\media-cdrom.png'
[    1.5936] I/Win32ProgressCallback: Moving 'C:/Users/midor/Desktop/postifolio/pagina de postifolio/images/DuckStation-0.1-5601-win64\UPDATE_STAGING\resources\fullscreenui\multimedia-player.png' to 'C:/Users/midor/Desktop/postifolio/pagina de postifolio/images/DuckStation-0.1-5601-win64\resources\fullscreenui\multimedia-player.png'
[    1.5963] I/Win32ProgressCallback: Moving 'C:/Users/midor/Desktop/postifolio/pagina de postifolio/images/DuckStation-0.1-5601-win64\UPDATE_STAGING\resources\fullscreenui\NTSC-J.png' to 'C:/Users/midor/Desktop/postifolio/pagina de postifolio/images/DuckStation-0.1-5601-win64\resources\fullscreenui\NTSC-J.png'
[    1.6053] I/Win32ProgressCallback: Moving 'C:/Users/midor/Desktop/postifolio/pagina de postifolio/images/DuckStation-0.1-5601-win64\UPDATE_STAGING\resources\fullscreenui\NTSC-U.png' to 'C:/Users/midor/Desktop/postifolio/pagina de postifolio/images/DuckStation-0.1-5601-win64\resources\fullscreenui\NTSC-U.png'
[    1.6079] I/Win32ProgressCallback: Moving 'C:/Users/midor/Desktop/postifolio/pagina de postifolio/images/DuckStation-0.1-5601-win64\UPDATE_STAGING\resources\fullscreenui\PAL.png' to 'C:/Users/midor/Desktop/postifolio/pagina de postifolio/images/DuckStation-0.1-5601-win64\resources\fullscreenui\PAL.png'
[    1.6104] I/Win32ProgressCallback: Moving 'C:/Users/midor/Desktop/postifolio/pagina de postifolio/images/DuckStation-0.1-5601-win64\UPDATE_STAGING\resources\fullscreenui\star-0.png' to 'C:/Users/midor/Desktop/postifolio/pagina de postifolio/images/DuckStation-0.1-5601-win64\resources\fullscreenui\star-0.png'
[    1.6133] I/Win32ProgressCallback: Moving 'C:/Users/midor/Desktop/postifolio/pagina de postifolio/images/DuckStation-0.1-5601-win64\UPDATE_STAGING\resources\fullscreenui\star-1.png' to 'C:/Users/midor/Desktop/postifolio/pagina de postifolio/images/DuckStation-0.1-5601-win64\resources\fullscreenui\star-1.png'
[    1.6162] I/Win32ProgressCallback: Moving 'C:/Users/midor/Desktop/postifolio/pagina de postifolio/images/DuckStation-0.1-5601-win64\UPDATE_STAGING\resources\fullscreenui\star-2.png' to 'C:/Users/midor/Desktop/postifolio/pagina de postifolio/images/DuckStation-0.1-5601-win64\resources\fullscreenui\star-2.png'
[    1.6187] I/Win32ProgressCallback: Moving 'C:/Users/midor/Desktop/postifolio/pagina de postifolio/images/DuckStation-0.1-5601-win64\UPDATE_STAGING\resources\fullscreenui\star-3.png' to 'C:/Users/midor/Desktop/postifolio/pagina de postifolio/images/DuckStation-0.1-5601-win64\resources\fullscreenui\star-3.png'
[    1.6212] I/Win32ProgressCallback: Moving 'C:/Users/midor/Desktop/postifolio/pagina de postifolio/images/DuckStation-0.1-5601-win64\UPDATE_STAGING\resources\fullscreenui\star-4.png' to 'C:/Users/midor/Desktop/postifolio/pagina de postifolio/images/DuckStation-0.1-5601-win64\resources\fullscreenui\star-4.png'
[    1.6237] I/Win32ProgressCallback: Moving 'C:/Users/midor/Desktop/postifolio/pagina de postifolio/images/DuckStation-0.1-5601-win64\UPDATE_STAGING\resources\fullscreenui\star-5.png' to 'C:/Users/midor/Desktop/postifolio/pagina de postifolio/images/DuckStation-0.1-5601-win64\resources\fullscreenui\star-5.png'
[    1.6262] I/Win32ProgressCallback: Moving 'C:/Users/midor/Desktop/postifolio/pagina de postifolio/images/DuckStation-0.1-5601-win64\UPDATE_STAGING\resources\gamecontrollerdb.txt' to 'C:/Users/midor/Desktop/postifolio/pagina de postifolio/images/DuckStation-0.1-5601-win64\resources\gamecontrollerdb.txt'
[    1.6288] I/Win32ProgressCallback: Moving 'C:/Users/midor/Desktop/postifolio/pagina de postifolio/images/DuckStation-0.1-5601-win64\UPDATE_STAGING\resources\gamedb.json' to 'C:/Users/midor/Desktop/postifolio/pagina de postifolio/images/DuckStation-0.1-5601-win64\resources\gamedb.json'
[    1.6318] I/Win32ProgressCallback: Moving 'C:/Users/midor/Desktop/postifolio/pagina de postifolio/images/DuckStation-0.1-5601-win64\UPDATE_STAGING\resources\images\cover-placeholder.png' to 'C:/Users/midor/Desktop/postifolio/pagina de postifolio/images/DuckStation-0.1-5601-win64\resources\images\cover-placeholder.png'
[    1.6344] I/Win32ProgressCallback: Moving 'C:/Users/midor/Desktop/postifolio/pagina de postifolio/images/DuckStation-0.1-5601-win64\UPDATE_STAGING\resources\images\crosshair.png' to 'C:/Users/midor/Desktop/postifolio/pagina de postifolio/images/DuckStation-0.1-5601-win64\resources\images\crosshair.png'
[    1.6371] I/Win32ProgressCallback: Moving 'C:/Users/midor/Desktop/postifolio/pagina de postifolio/images/DuckStation-0.1-5601-win64\UPDATE_STAGING\resources\images\duck.png' to 'C:/Users/midor/Desktop/postifolio/pagina de postifolio/images/DuckStation-0.1-5601-win64\resources\images\duck.png'
[    1.6494] I/Win32ProgressCallback: Moving 'C:/Users/midor/Desktop/postifolio/pagina de postifolio/images/DuckStation-0.1-5601-win64\UPDATE_STAGING\resources\images\placeholder.png' to 'C:/Users/midor/Desktop/postifolio/pagina de postifolio/images/DuckStation-0.1-5601-win64\resources\images\placeholder.png'
[    1.6531] I/Win32ProgressCallback: Moving 'C:/Users/midor/Desktop/postifolio/pagina de postifolio/images/DuckStation-0.1-5601-win64\UPDATE_STAGING\resources\images\sources.txt' to 'C:/Users/midor/Desktop/postifolio/pagina de postifolio/images/DuckStation-0.1-5601-win64\resources\images\sources.txt'
[    1.6555] I/Win32ProgressCallback: Moving 'C:/Users/midor/Desktop/postifolio/pagina de postifolio/images/DuckStation-0.1-5601-win64\UPDATE_STAGING\resources\shaders\Cccalibrator.glsl' to 'C:/Users/midor/Desktop/postifolio/pagina de postifolio/images/DuckStation-0.1-5601-win64\resources\shaders\Cccalibrator.glsl'
[    1.6581] I/Win32ProgressCallback: Moving 'C:/Users/midor/Desktop/postifolio/pagina de postifolio/images/DuckStation-0.1-5601-win64\UPDATE_STAGING\resources\shaders\crt-lottes.glsl' to 'C:/Users/midor/Desktop/postifolio/pagina de postifolio/images/DuckStation-0.1-5601-win64\resources\shaders\crt-lottes.glsl'
[    1.6607] I/Win32ProgressCallback: Moving 'C:/Users/midor/Desktop/postifolio/pagina de postifolio/images/DuckStation-0.1-5601-win64\UPDATE_STAGING\resources\shaders\dolphinfx\bloom.glsl' to 'C:/Users/midor/Desktop/postifolio/pagina de postifolio/images/DuckStation-0.1-5601-win64\resources\shaders\dolphinfx\bloom.glsl'
[    1.6636] I/Win32ProgressCallback: Moving 'C:/Users/midor/Desktop/postifolio/pagina de postifolio/images/DuckStation-0.1-5601-win64\UPDATE_STAGING\resources\shaders\dolphinfx\celshading.glsl' to 'C:/Users/midor/Desktop/postifolio/pagina de postifolio/images/DuckStation-0.1-5601-win64\resources\shaders\dolphinfx\celshading.glsl'
[    1.6667] I/Win32ProgressCallback: Moving 'C:/Users/midor/Desktop/postifolio/pagina de postifolio/images/DuckStation-0.1-5601-win64\UPDATE_STAGING\resources\shaders\dolphinfx\scanlines.glsl' to 'C:/Users/midor/Desktop/postifolio/pagina de postifolio/images/DuckStation-0.1-5601-win64\resources\shaders\dolphinfx\scanlines.glsl'
[    1.6694] I/Win32ProgressCallback: Moving 'C:/Users/midor/Desktop/postifolio/pagina de postifolio/images/DuckStation-0.1-5601-win64\UPDATE_STAGING\resources\shaders\reshade\README.md' to 'C:/Users/midor/Desktop/postifolio/pagina de postifolio/images/DuckStation-0.1-5601-win64\resources\shaders\reshade\README.md'
[    1.6720] I/Win32ProgressCallback: Moving 'C:/Users/midor/Desktop/postifolio/pagina de postifolio/images/DuckStation-0.1-5601-win64\UPDATE_STAGING\resources\shaders\reshade\REFERENCE.md' to 'C:/Users/midor/Desktop/postifolio/pagina de postifolio/images/DuckStation-0.1-5601-win64\resources\shaders\reshade\REFERENCE.md'
[    1.6748] I/Win32ProgressCallback: Moving 'C:/Users/midor/Desktop/postifolio/pagina de postifolio/images/DuckStation-0.1-5601-win64\UPDATE_STAGING\resources\shaders\reshade\Shaders\Blending.fxh' to 'C:/Users/midor/Desktop/postifolio/pagina de postifolio/images/DuckStation-0.1-5601-win64\resources\shaders\reshade\Shaders\Blending.fxh'
[    1.6773] I/Win32ProgressCallback: Moving 'C:/Users/midor/Desktop/postifolio/pagina de postifolio/images/DuckStation-0.1-5601-win64\UPDATE_STAGING\resources\shaders\reshade\Shaders\Daltonize.fx' to 'C:/Users/midor/Desktop/postifolio/pagina de postifolio/images/DuckStation-0.1-5601-win64\resources\shaders\reshade\Shaders\Daltonize.fx'
[    1.6803] I/Win32ProgressCallback: Moving 'C:/Users/midor/Desktop/postifolio/pagina de postifolio/images/DuckStation-0.1-5601-win64\UPDATE_STAGING\resources\shaders\reshade\Shaders\Deband.fx' to 'C:/Users/midor/Desktop/postifolio/pagina de postifolio/images/DuckStation-0.1-5601-win64\resources\shaders\reshade\Shaders\Deband.fx'
[    1.6868] I/Win32ProgressCallback: Moving 'C:/Users/midor/Desktop/postifolio/pagina de postifolio/images/DuckStation-0.1-5601-win64\UPDATE_STAGING\resources\shaders\reshade\Shaders\DrawText.fxh' to 'C:/Users/midor/Desktop/postifolio/pagina de postifolio/images/DuckStation-0.1-5601-win64\resources\shaders\reshade\Shaders\DrawText.fxh'
[    1.6901] I/Win32ProgressCallback: Moving 'C:/Users/midor/Desktop/postifolio/pagina de postifolio/images/DuckStation-0.1-5601-win64\UPDATE_STAGING\resources\shaders\reshade\Shaders\LUT.fx' to 'C:/Users/midor/Desktop/postifolio/pagina de postifolio/images/DuckStation-0.1-5601-win64\resources\shaders\reshade\Shaders\LUT.fx'
[    1.6934] I/Win32ProgressCallback: Moving 'C:/Users/midor/Desktop/postifolio/pagina de postifolio/images/DuckStation-0.1-5601-win64\UPDATE_STAGING\resources\shaders\reshade\Shaders\Macros.fxh' to 'C:/Users/midor/Desktop/postifolio/pagina de postifolio/images/DuckStation-0.1-5601-win64\resources\shaders\reshade\Shaders\Macros.fxh'
[    1.7037] I/Win32ProgressCallback: Moving 'C:/Users/midor/Desktop/postifolio/pagina de postifolio/images/DuckStation-0.1-5601-win64\UPDATE_STAGING\resources\shaders\reshade\Shaders\ReShade.fxh' to 'C:/Users/midor/Desktop/postifolio/pagina de postifolio/images/DuckStation-0.1-5601-win64\resources\shaders\reshade\Shaders\ReShade.fxh'
[    1.7062] I/Win32ProgressCallback: Moving 'C:/Users/midor/Desktop/postifolio/pagina de postifolio/images/DuckStation-0.1-5601-win64\UPDATE_STAGING\resources\shaders\reshade\Shaders\ReShadeUI.fxh' to 'C:/Users/midor/Desktop/postifolio/pagina de postifolio/images/DuckStation-0.1-5601-win64\resources\shaders\reshade\Shaders\ReShadeUI.fxh'
[    1.7087] I/Win32ProgressCallback: Moving 'C:/Users/midor/Desktop/postifolio/pagina de postifolio/images/DuckStation-0.1-5601-win64\UPDATE_STAGING\resources\shaders\reshade\Shaders\TriDither.fxh' to 'C:/Users/midor/Desktop/postifolio/pagina de postifolio/images/DuckStation-0.1-5601-win64\resources\shaders\reshade\Shaders\TriDither.fxh'
[    1.7112] I/Win32ProgressCallback: Moving 'C:/Users/midor/Desktop/postifolio/pagina de postifolio/images/DuckStation-0.1-5601-win64\UPDATE_STAGING\resources\shaders\reshade\source.txt' to 'C:/Users/midor/Desktop/postifolio/pagina de postifolio/images/DuckStation-0.1-5601-win64\resources\shaders\reshade\source.txt'
[    1.7142] I/Win32ProgressCallback: Moving 'C:/Users/midor/Desktop/postifolio/pagina de postifolio/images/DuckStation-0.1-5601-win64\UPDATE_STAGING\resources\shaders\reshade\Textures\FontAtlas.png' to 'C:/Users/midor/Desktop/postifolio/pagina de postifolio/images/DuckStation-0.1-5601-win64\resources\shaders\reshade\Textures\FontAtlas.png'
[    1.7168] I/Win32ProgressCallback: Moving 'C:/Users/midor/Desktop/postifolio/pagina de postifolio/images/DuckStation-0.1-5601-win64\UPDATE_STAGING\resources\shaders\reshade\Textures\lut.png' to 'C:/Users/midor/Desktop/postifolio/pagina de postifolio/images/DuckStation-0.1-5601-win64\resources\shaders\reshade\Textures\lut.png'
[    1.7194] I/Win32ProgressCallback: Moving 'C:/Users/midor/Desktop/postifolio/pagina de postifolio/images/DuckStation-0.1-5601-win64\UPDATE_STAGING\resources\shaders\simple-brightness.glsl' to 'C:/Users/midor/Desktop/postifolio/pagina de postifolio/images/DuckStation-0.1-5601-win64\resources\shaders\simple-brightness.glsl'
[    1.7220] I/Win32ProgressCallback: Moving 'C:/Users/midor/Desktop/postifolio/pagina de postifolio/images/DuckStation-0.1-5601-win64\UPDATE_STAGING\resources\shaders\simple-flip.glsl' to 'C:/Users/midor/Desktop/postifolio/pagina de postifolio/images/DuckStation-0.1-5601-win64\resources\shaders\simple-flip.glsl'
[    1.7245] I/Win32ProgressCallback: Moving 'C:/Users/midor/Desktop/postifolio/pagina de postifolio/images/DuckStation-0.1-5601-win64\UPDATE_STAGING\resources\shaders\simple-gamma.glsl' to 'C:/Users/midor/Desktop/postifolio/pagina de postifolio/images/DuckStation-0.1-5601-win64\resources\shaders\simple-gamma.glsl'
[    1.7269] I/Win32ProgressCallback: Moving 'C:/Users/midor/Desktop/postifolio/pagina de postifolio/images/DuckStation-0.1-5601-win64\UPDATE_STAGING\resources\shaders\simple-sharpen.glsl' to 'C:/Users/midor/Desktop/postifolio/pagina de postifolio/images/DuckStation-0.1-5601-win64\resources\shaders\simple-sharpen.glsl'
[    1.7293] I/Win32ProgressCallback: Moving 'C:/Users/midor/Desktop/postifolio/pagina de postifolio/images/DuckStation-0.1-5601-win64\UPDATE_STAGING\resources\sounds\achievements\lbsubmit.wav' to 'C:/Users/midor/Desktop/postifolio/pagina de postifolio/images/DuckStation-0.1-5601-win64\resources\sounds\achievements\lbsubmit.wav'
[    1.7329] I/Win32ProgressCallback: Moving 'C:/Users/midor/Desktop/postifolio/pagina de postifolio/images/DuckStation-0.1-5601-win64\UPDATE_STAGING\resources\sounds\achievements\message.wav' to 'C:/Users/midor/Desktop/postifolio/pagina de postifolio/images/DuckStation-0.1-5601-win64\resources\sounds\achievements\message.wav'
[    1.7360] I/Win32ProgressCallback: Moving 'C:/Users/midor/Desktop/postifolio/pagina de postifolio/images/DuckStation-0.1-5601-win64\UPDATE_STAGING\resources\sounds\achievements\README.txt' to 'C:/Users/midor/Desktop/postifolio/pagina de postifolio/images/DuckStation-0.1-5601-win64\resources\sounds\achievements\README.txt'
[    1.7391] I/Win32ProgressCallback: Moving 'C:/Users/midor/Desktop/postifolio/pagina de postifolio/images/DuckStation-0.1-5601-win64\UPDATE_STAGING\resources\sounds\achievements\unlock.wav' to 'C:/Users/midor/Desktop/postifolio/pagina de postifolio/images/DuckStation-0.1-5601-win64\resources\sounds\achievements\unlock.wav'
[    1.7418] I/Win32ProgressCallback: Moving 'C:/Users/midor/Desktop/postifolio/pagina de postifolio/images/DuckStation-0.1-5601-win64\UPDATE_STAGING\SDL2.dll' to 'C:/Users/midor/Desktop/postifolio/pagina de postifolio/images/DuckStation-0.1-5601-win64\SDL2.dll'
[    1.7528] I/Win32ProgressCallback: Moving 'C:/Users/midor/Desktop/postifolio/pagina de postifolio/images/DuckStation-0.1-5601-win64\UPDATE_STAGING\translations\duckstation-qt_de.qm' to 'C:/Users/midor/Desktop/postifolio/pagina de postifolio/images/DuckStation-0.1-5601-win64\translations\duckstation-qt_de.qm'
[    1.7555] I/Win32ProgressCallback: Moving 'C:/Users/midor/Desktop/postifolio/pagina de postifolio/images/DuckStation-0.1-5601-win64\UPDATE_STAGING\translations\duckstation-qt_en.qm' to 'C:/Users/midor/Desktop/postifolio/pagina de postifolio/images/DuckStation-0.1-5601-win64\translations\duckstation-qt_en.qm'
[    1.7579] I/Win32ProgressCallback: Moving 'C:/Users/midor/Desktop/postifolio/pagina de postifolio/images/DuckStation-0.1-5601-win64\UPDATE_STAGING\translations\duckstation-qt_es-es.qm' to 'C:/Users/midor/Desktop/postifolio/pagina de postifolio/images/DuckStation-0.1-5601-win64\translations\duckstation-qt_es-es.qm'
[    1.7605] I/Win32ProgressCallback: Moving 'C:/Users/midor/Desktop/postifolio/pagina de postifolio/images/DuckStation-0.1-5601-win64\UPDATE_STAGING\translations\duckstation-qt_es.qm' to 'C:/Users/midor/Desktop/postifolio/pagina de postifolio/images/DuckStation-0.1-5601-win64\translations\duckstation-qt_es.qm'
[    1.7636] I/Win32ProgressCallback: Moving 'C:/Users/midor/Desktop/postifolio/pagina de postifolio/images/DuckStation-0.1-5601-win64\UPDATE_STAGING\translations\duckstation-qt_fr.qm' to 'C:/Users/midor/Desktop/postifolio/pagina de postifolio/images/DuckStation-0.1-5601-win64\translations\duckstation-qt_fr.qm'
[    1.7667] I/Win32ProgressCallback: Moving 'C:/Users/midor/Desktop/postifolio/pagina de postifolio/images/DuckStation-0.1-5601-win64\UPDATE_STAGING\translations\duckstation-qt_he.qm' to 'C:/Users/midor/Desktop/postifolio/pagina de postifolio/images/DuckStation-0.1-5601-win64\translations\duckstation-qt_he.qm'
[    1.7701] I/Win32ProgressCallback: Moving 'C:/Users/midor/Desktop/postifolio/pagina de postifolio/images/DuckStation-0.1-5601-win64\UPDATE_STAGING\translations\duckstation-qt_it.qm' to 'C:/Users/midor/Desktop/postifolio/pagina de postifolio/images/DuckStation-0.1-5601-win64\translations\duckstation-qt_it.qm'
[    1.7729] I/Win32ProgressCallback: Moving 'C:/Users/midor/Desktop/postifolio/pagina de postifolio/images/DuckStation-0.1-5601-win64\UPDATE_STAGING\translations\duckstation-qt_ja.qm' to 'C:/Users/midor/Desktop/postifolio/pagina de postifolio/images/DuckStation-0.1-5601-win64\translations\duckstation-qt_ja.qm'
[    1.7759] I/Win32ProgressCallback: Moving 'C:/Users/midor/Desktop/postifolio/pagina de postifolio/images/DuckStation-0.1-5601-win64\UPDATE_STAGING\translations\duckstation-qt_ko.qm' to 'C:/Users/midor/Desktop/postifolio/pagina de postifolio/images/DuckStation-0.1-5601-win64\translations\duckstation-qt_ko.qm'
[    1.7796] I/Win32ProgressCallback: Moving 'C:/Users/midor/Desktop/postifolio/pagina de postifolio/images/DuckStation-0.1-5601-win64\UPDATE_STAGING\translations\duckstation-qt_nl.qm' to 'C:/Users/midor/Desktop/postifolio/pagina de postifolio/images/DuckStation-0.1-5601-win64\translations\duckstation-qt_nl.qm'
[    1.7840] I/Win32ProgressCallback: Moving 'C:/Users/midor/Desktop/postifolio/pagina de postifolio/images/DuckStation-0.1-5601-win64\UPDATE_STAGING\translations\duckstation-qt_pl.qm' to 'C:/Users/midor/Desktop/postifolio/pagina de postifolio/images/DuckStation-0.1-5601-win64\translations\duckstation-qt_pl.qm'
[    1.7884] I/Win32ProgressCallback: Moving 'C:/Users/midor/Desktop/postifolio/pagina de postifolio/images/DuckStation-0.1-5601-win64\UPDATE_STAGING\translations\duckstation-qt_pt-br.qm' to 'C:/Users/midor/Desktop/postifolio/pagina de postifolio/images/DuckStation-0.1-5601-win64\translations\duckstation-qt_pt-br.qm'
[    1.7929] I/Win32ProgressCallback: Moving 'C:/Users/midor/Desktop/postifolio/pagina de postifolio/images/DuckStation-0.1-5601-win64\UPDATE_STAGING\translations\duckstation-qt_pt-pt.qm' to 'C:/Users/midor/Desktop/postifolio/pagina de postifolio/images/DuckStation-0.1-5601-win64\translations\duckstation-qt_pt-pt.qm'
[    1.7969] I/Win32ProgressCallback: Moving 'C:/Users/midor/Desktop/postifolio/pagina de postifolio/images/DuckStation-0.1-5601-win64\UPDATE_STAGING\translations\duckstation-qt_ru.qm' to 'C:/Users/midor/Desktop/postifolio/pagina de postifolio/images/DuckStation-0.1-5601-win64\translations\duckstation-qt_ru.qm'
[    1.8007] I/Win32ProgressCallback: Moving 'C:/Users/midor/Desktop/postifolio/pagina de postifolio/images/DuckStation-0.1-5601-win64\UPDATE_STAGING\translations\duckstation-qt_tr.qm' to 'C:/Users/midor/Desktop/postifolio/pagina de postifolio/images/DuckStation-0.1-5601-win64\translations\duckstation-qt_tr.qm'
[    1.8038] I/Win32ProgressCallback: Moving 'C:/Users/midor/Desktop/postifolio/pagina de postifolio/images/DuckStation-0.1-5601-win64\UPDATE_STAGING\translations\duckstation-qt_zh-cn.qm' to 'C:/Users/midor/Desktop/postifolio/pagina de postifolio/images/DuckStation-0.1-5601-win64\translations\duckstation-qt_zh-cn.qm'
[    1.8076] I/Win32ProgressCallback: Moving 'C:/Users/midor/Desktop/postifolio/pagina de postifolio/images/DuckStation-0.1-5601-win64\UPDATE_STAGING\translations\qtbase_ar.qm' to 'C:/Users/midor/Desktop/postifolio/pagina de postifolio/images/DuckStation-0.1-5601-win64\translations\qtbase_ar.qm'
[    1.8122] I/Win32ProgressCallback: Moving 'C:/Users/midor/Desktop/postifolio/pagina de postifolio/images/DuckStation-0.1-5601-win64\UPDATE_STAGING\translations\qtbase_bg.qm' to 'C:/Users/midor/Desktop/postifolio/pagina de postifolio/images/DuckStation-0.1-5601-win64\translations\qtbase_bg.qm'
[    1.8162] I/Win32ProgressCallback: Moving 'C:/Users/midor/Desktop/postifolio/pagina de postifolio/images/DuckStation-0.1-5601-win64\UPDATE_STAGING\translations\qtbase_ca.qm' to 'C:/Users/midor/Desktop/postifolio/pagina de postifolio/images/DuckStation-0.1-5601-win64\translations\qtbase_ca.qm'
[    1.8216] I/Win32ProgressCallback: Moving 'C:/Users/midor/Desktop/postifolio/pagina de postifolio/images/DuckStation-0.1-5601-win64\UPDATE_STAGING\translations\qtbase_cs.qm' to 'C:/Users/midor/Desktop/postifolio/pagina de postifolio/images/DuckStation-0.1-5601-win64\translations\qtbase_cs.qm'
[    1.8244] I/Win32ProgressCallback: Moving 'C:/Users/midor/Desktop/postifolio/pagina de postifolio/images/DuckStation-0.1-5601-win64\UPDATE_STAGING\translations\qtbase_da.qm' to 'C:/Users/midor/Desktop/postifolio/pagina de postifolio/images/DuckStation-0.1-5601-win64\translations\qtbase_da.qm'
[    1.8284] I/Win32ProgressCallback: Moving 'C:/Users/midor/Desktop/postifolio/pagina de postifolio/images/DuckStation-0.1-5601-win64\UPDATE_STAGING\translations\qtbase_de.qm' to 'C:/Users/midor/Desktop/postifolio/pagina de postifolio/images/DuckStation-0.1-5601-win64\translations\qtbase_de.qm'
[    1.8327] I/Win32ProgressCallback: Moving 'C:/Users/midor/Desktop/postifolio/pagina de postifolio/images/DuckStation-0.1-5601-win64\UPDATE_STAGING\translations\qtbase_en.qm' to 'C:/Users/midor/Desktop/postifolio/pagina de postifolio/images/DuckStation-0.1-5601-win64\translations\qtbase_en.qm'
[    1.8359] I/Win32ProgressCallback: Moving 'C:/Users/midor/Desktop/postifolio/pagina de postifolio/images/DuckStation-0.1-5601-win64\UPDATE_STAGING\translations\qtbase_es.qm' to 'C:/Users/midor/Desktop/postifolio/pagina de postifolio/images/DuckStation-0.1-5601-win64\translations\qtbase_es.qm'
[    1.8395] I/Win32ProgressCallback: Moving 'C:/Users/midor/Desktop/postifolio/pagina de postifolio/images/DuckStation-0.1-5601-win64\UPDATE_STAGING\translations\qtbase_fa.qm' to 'C:/Users/midor/Desktop/postifolio/pagina de postifolio/images/DuckStation-0.1-5601-win64\translations\qtbase_fa.qm'
[    1.8433] I/Win32ProgressCallback: Moving 'C:/Users/midor/Desktop/postifolio/pagina de postifolio/images/DuckStation-0.1-5601-win64\UPDATE_STAGING\translations\qtbase_fi.qm' to 'C:/Users/midor/Desktop/postifolio/pagina de postifolio/images/DuckStation-0.1-5601-win64\translations\qtbase_fi.qm'
[    1.8459] I/Win32ProgressCallback: Moving 'C:/Users/midor/Desktop/postifolio/pagina de postifolio/images/DuckStation-0.1-5601-win64\UPDATE_STAGING\translations\qtbase_fr.qm' to 'C:/Users/midor/Desktop/postifolio/pagina de postifolio/images/DuckStation-0.1-5601-win64\translations\qtbase_fr.qm'
[    1.8495] I/Win32ProgressCallback: Moving 'C:/Users/midor/Desktop/postifolio/pagina de postifolio/images/DuckStation-0.1-5601-win64\UPDATE_STAGING\translations\qtbase_gd.qm' to 'C:/Users/midor/Desktop/postifolio/pagina de postifolio/images/DuckStation-0.1-5601-win64\translations\qtbase_gd.qm'
[    1.8525] I/Win32ProgressCallback: Moving 'C:/Users/midor/Desktop/postifolio/pagina de postifolio/images/DuckStation-0.1-5601-win64\UPDATE_STAGING\translations\qtbase_he.qm' to 'C:/Users/midor/Desktop/postifolio/pagina de postifolio/images/DuckStation-0.1-5601-win64\translations\qtbase_he.qm'
[    1.8550] I/Win32ProgressCallback: Moving 'C:/Users/midor/Desktop/postifolio/pagina de postifolio/images/DuckStation-0.1-5601-win64\UPDATE_STAGING\translations\qtbase_hr.qm' to 'C:/Users/midor/Desktop/postifolio/pagina de postifolio/images/DuckStation-0.1-5601-win64\translations\qtbase_hr.qm'
[    1.8576] I/Win32ProgressCallback: Moving 'C:/Users/midor/Desktop/postifolio/pagina de postifolio/images/DuckStation-0.1-5601-win64\UPDATE_STAGING\translations\qtbase_hu.qm' to 'C:/Users/midor/Desktop/postifolio/pagina de postifolio/images/DuckStation-0.1-5601-win64\translations\qtbase_hu.qm'
[    1.8601] I/Win32ProgressCallback: Moving 'C:/Users/midor/Desktop/postifolio/pagina de postifolio/images/DuckStation-0.1-5601-win64\UPDATE_STAGING\translations\qtbase_it.qm' to 'C:/Users/midor/Desktop/postifolio/pagina de postifolio/images/DuckStation-0.1-5601-win64\translations\qtbase_it.qm'
[    1.8628] I/Win32ProgressCallback: Moving 'C:/Users/midor/Desktop/postifolio/pagina de postifolio/images/DuckStation-0.1-5601-win64\UPDATE_STAGING\translations\qtbase_ja.qm' to 'C:/Users/midor/Desktop/postifolio/pagina de postifolio/images/DuckStation-0.1-5601-win64\translations\qtbase_ja.qm'
[    1.8722] I/Win32ProgressCallback: Moving 'C:/Users/midor/Desktop/postifolio/pagina de postifolio/images/DuckStation-0.1-5601-win64\UPDATE_STAGING\translations\qtbase_ko.qm' to 'C:/Users/midor/Desktop/postifolio/pagina de postifolio/images/DuckStation-0.1-5601-win64\translations\qtbase_ko.qm'
[    1.8759] I/Win32ProgressCallback: Moving 'C:/Users/midor/Desktop/postifolio/pagina de postifolio/images/DuckStation-0.1-5601-win64\UPDATE_STAGING\translations\qtbase_lv.qm' to 'C:/Users/midor/Desktop/postifolio/pagina de postifolio/images/DuckStation-0.1-5601-win64\translations\qtbase_lv.qm'
[    1.8787] I/Win32ProgressCallback: Moving 'C:/Users/midor/Desktop/postifolio/pagina de postifolio/images/DuckStation-0.1-5601-win64\UPDATE_STAGING\translations\qtbase_nl.qm' to 'C:/Users/midor/Desktop/postifolio/pagina de postifolio/images/DuckStation-0.1-5601-win64\translations\qtbase_nl.qm'
[    1.8827] I/Win32ProgressCallback: Moving 'C:/Users/midor/Desktop/postifolio/pagina de postifolio/images/DuckStation-0.1-5601-win64\UPDATE_STAGING\translations\qtbase_nn.qm' to 'C:/Users/midor/Desktop/postifolio/pagina de postifolio/images/DuckStation-0.1-5601-win64\translations\qtbase_nn.qm'
[    1.8853] I/Win32ProgressCallback: Moving 'C:/Users/midor/Desktop/postifolio/pagina de postifolio/images/DuckStation-0.1-5601-win64\UPDATE_STAGING\translations\qtbase_pl.qm' to 'C:/Users/midor/Desktop/postifolio/pagina de postifolio/images/DuckStation-0.1-5601-win64\translations\qtbase_pl.qm'
[    1.8886] I/Win32ProgressCallback: Moving 'C:/Users/midor/Desktop/postifolio/pagina de postifolio/images/DuckStation-0.1-5601-win64\UPDATE_STAGING\translations\qtbase_pt_BR.qm' to 'C:/Users/midor/Desktop/postifolio/pagina de postifolio/images/DuckStation-0.1-5601-win64\translations\qtbase_pt_BR.qm'
[    1.8912] I/Win32ProgressCallback: Moving 'C:/Users/midor/Desktop/postifolio/pagina de postifolio/images/DuckStation-0.1-5601-win64\UPDATE_STAGING\translations\qtbase_ru.qm' to 'C:/Users/midor/Desktop/postifolio/pagina de postifolio/images/DuckStation-0.1-5601-win64\translations\qtbase_ru.qm'
[    1.8939] I/Win32ProgressCallback: Moving 'C:/Users/midor/Desktop/postifolio/pagina de postifolio/images/DuckStation-0.1-5601-win64\UPDATE_STAGING\translations\qtbase_sk.qm' to 'C:/Users/midor/Desktop/postifolio/pagina de postifolio/images/DuckStation-0.1-5601-win64\translations\qtbase_sk.qm'
[    1.8984] I/Win32ProgressCallback: Moving 'C:/Users/midor/Desktop/postifolio/pagina de postifolio/images/DuckStation-0.1-5601-win64\UPDATE_STAGING\translations\qtbase_tr.qm' to 'C:/Users/midor/Desktop/postifolio/pagina de postifolio/images/DuckStation-0.1-5601-win64\translations\qtbase_tr.qm'
[    1.9013] I/Win32ProgressCallback: Moving 'C:/Users/midor/Desktop/postifolio/pagina de postifolio/images/DuckStation-0.1-5601-win64\UPDATE_STAGING\translations\qtbase_uk.qm' to 'C:/Users/midor/Desktop/postifolio/pagina de postifolio/images/DuckStation-0.1-5601-win64\translations\qtbase_uk.qm'
[    1.9046] I/Win32ProgressCallback: Moving 'C:/Users/midor/Desktop/postifolio/pagina de postifolio/images/DuckStation-0.1-5601-win64\UPDATE_STAGING\translations\qtbase_zh_CN.qm' to 'C:/Users/midor/Desktop/postifolio/pagina de postifolio/images/DuckStation-0.1-5601-win64\translations\qtbase_zh_CN.qm'
[    1.9071] I/Win32ProgressCallback: Moving 'C:/Users/midor/Desktop/postifolio/pagina de postifolio/images/DuckStation-0.1-5601-win64\UPDATE_STAGING\translations\qtbase_zh_TW.qm' to 'C:/Users/midor/Desktop/postifolio/pagina de postifolio/images/DuckStation-0.1-5601-win64\translations\qtbase_zh_TW.qm'
[    1.9098] I/Win32ProgressCallback: Moving 'C:/Users/midor/Desktop/postifolio/pagina de postifolio/images/DuckStation-0.1-5601-win64\UPDATE_STAGING\WinPixEventRuntime.dll' to 'C:/Users/midor/Desktop/postifolio/pagina de postifolio/images/DuckStation-0.1-5601-win64\WinPixEventRuntime.dll'
[    3.5086] I/Win32ProgressCallback: Launching 'C:/Users/midor/Desktop/postifolio/pagina de postifolio/images/DuckStation-0.1-5601-win64/duckstation-qt-x64-ReleaseLTCG.exe'...
